<?xml version="1.0" encoding="UTF-8"?>
<!-- Generated by org.testng.reporters.JUnitReportReporter -->
<testsuite hostname="DESKTOP-NQMJ256" failures="0" tests="6" name="Tese_Case.Log_In_test" time="123.865" errors="0" timestamp="2022-09-01T16:14:29 IST" skipped="0">
  <testcase classname="Tese_Case.Log_In_test" name="TC_1_Login_Test" time="31.833"/>
  <system-out/>
  <testcase classname="Tese_Case.Log_In_test" name="TC_1_Login_Test" time="23.967"/>
  <system-out/>
  <testcase classname="Tese_Case.Log_In_test" name="TC_1_Login_Test" time="16.073"/>
  <system-out/>
  <testcase classname="Tese_Case.Log_In_test" name="TC_1_Login_Test" time="17.977"/>
  <system-out/>
  <testcase classname="Tese_Case.Log_In_test" name="TC_1_Login_Test" time="15.664"/>
  <system-out/>
  <testcase classname="Tese_Case.Log_In_test" name="TC_1_Login_Test" time="18.351"/>
  <system-out/>
</testsuite> <!-- Tese_Case.Log_In_test -->
