<?xml version="1.0" encoding="UTF-8"?>
<!-- Generated by org.testng.reporters.JUnitReportReporter -->
<testsuite hostname="DESKTOP-NQMJ256" failures="0" tests="6" name="Test_Case.Sign_up_now_Test" time="84.080" errors="0" timestamp="2022-09-06T19:07:12 IST" skipped="0">
  <testcase classname="Test_Case.Sign_up_now_Test" name="SingUp_Email_Test" time="15.324"/>
  <system-out/>
  <testcase classname="Test_Case.Sign_up_now_Test" name="SingUp_Email_Test" time="14.744"/>
  <system-out/>
  <testcase classname="Test_Case.Sign_up_now_Test" name="SingUp_Email_Test" time="15.092"/>
  <system-out/>
  <testcase classname="Test_Case.Sign_up_now_Test" name="SingUp_Password_Test" time="13.293"/>
  <system-out/>
  <testcase classname="Test_Case.Sign_up_now_Test" name="SingUp_Password_Test" time="13.443"/>
  <system-out/>
  <testcase classname="Test_Case.Sign_up_now_Test" name="SingUp_Password_Test" time="12.184"/>
  <system-out/>
</testsuite> <!-- Test_Case.Sign_up_now_Test -->
