<?xml version="1.0" encoding="UTF-8"?>
<!-- Generated by org.testng.reporters.JUnitReportReporter -->
<testsuite hostname="DESKTOP-NQMJ256" failures="0" tests="6" name="Test_Case.Log_In_test" time="106.254" errors="0" timestamp="2022-09-06T19:07:12 IST" skipped="0">
  <testcase classname="Test_Case.Log_In_test" name="TC_1_Login_Test" time="16.167"/>
  <system-out/>
  <testcase classname="Test_Case.Log_In_test" name="TC_1_Login_Test" time="16.777"/>
  <system-out/>
  <testcase classname="Test_Case.Log_In_test" name="TC_1_Login_Test" time="24.818"/>
  <system-out/>
  <testcase classname="Test_Case.Log_In_test" name="TC_1_Login_Test" time="15.148"/>
  <system-out/>
  <testcase classname="Test_Case.Log_In_test" name="TC_1_Login_Test" time="17.700"/>
  <system-out/>
  <testcase classname="Test_Case.Log_In_test" name="TC_1_Login_Test" time="15.644"/>
  <system-out/>
</testsuite> <!-- Test_Case.Log_In_test -->
